make --dry-run --keep-going --print-directory
make: Entering directory '/home/flohrel/code/rush-wordle'
 
/bin/sh: line 1: ${\#NAME}: bad substitution
/bin/sh: line 1: (32 - ) / 2: syntax error: operand expected (error token is ") / 2")
/bin/sh: line 1: ${\#NAME}: bad substitution
/bin/sh: line 1: (32 - ) / 2: syntax error: operand expected (error token is ") / 2")
/bin/sh: line 1: / 2: syntax error: operand expected (error token is "/ 2")
/bin/sh: line 1: ${\#NAME}: bad substitution
/bin/sh: line 1: (32 - ) / 2: syntax error: operand expected (error token is ") / 2")

printf: '*': expected a numeric value
/bin/sh: line 1: ${\#NAME}: bad substitution
/bin/sh: line 1: (32 - ) / 2: syntax error: operand expected (error token is ") / 2")
/bin/sh: line 1: ${\#NAME}: bad substitution
/bin/sh: line 1: ${\#NAME}: bad substitution
/bin/sh: line 1: (32 - ) / 2: syntax error: operand expected (error token is ") / 2")
/bin/sh: line 1: / 2: syntax error: operand expected (error token is "/ 2")
/bin/sh: line 1: ${\#NAME}: bad substitution
/bin/sh: line 1: (32 - ) / 2: syntax error: operand expected (error token is ") / 2")

/bin/sh: line 1: +  % 2: syntax error: operand expected (error token is "% 2")

printf '\033[1;34mwordle\033[0m\n'
printf "\033[1;33mCreating build/.deps folder...\033[0m\n"
mkdir -p build/.deps
printf "\033[1A\033[2K\r"
 
printf "\033[1;33mCompiling build/Interface.o and generating/checking make dependency file...\033[0m\n"
c++ -MT build/Interface.o -MMD -MP -MF build/.deps/Interface.d -Wall -Wextra -Werror -std=c++20 -g3 -Incurses/include -I./include -c src/Interface.cpp -o build/Interface.o
printf '\033[1A\033[2K\r%-*s\033[1;32m\xE2\x9C\x94\033[0m\n' 31 Interface.o
 
printf "\033[1;33mCompiling build/Data.o and generating/checking make dependency file...\033[0m\n"
c++ -MT build/Data.o -MMD -MP -MF build/.deps/Data.d -Wall -Wextra -Werror -std=c++20 -g3 -Incurses/include -I./include -c src/Data.cpp -o build/Data.o
printf '\033[1A\033[2K\r%-*s\033[1;32m\xE2\x9C\x94\033[0m\n' 31 Data.o
 
printf "\033[1;33mCompiling build/State.o and generating/checking make dependency file...\033[0m\n"
c++ -MT build/State.o -MMD -MP -MF build/.deps/State.d -Wall -Wextra -Werror -std=c++20 -g3 -Incurses/include -I./include -c src/State.cpp -o build/State.o
printf '\033[1A\033[2K\r%-*s\033[1;32m\xE2\x9C\x94\033[0m\n' 31 State.o
 
printf "\033[1;33mCompiling build/wordle_main.o and generating/checking make dependency file...\033[0m\n"
c++ -MT build/wordle_main.o -MMD -MP -MF build/.deps/wordle_main.d -Wall -Wextra -Werror -std=c++20 -g3 -Incurses/include -I./include -c src/wordle_main.cpp -o build/wordle_main.o
printf '\033[1A\033[2K\r%-*s\033[1;32m\xE2\x9C\x94\033[0m\n' 31 wordle_main.o
printf "\033[1;33mLinking source files and generating wordle binary...\n\033[0m"
c++ -Wall -Wextra -Werror -std=c++20 -g3 -Incurses/include -I./include -o wordle build/Interface.o build/Data.o build/State.o build/wordle_main.o -lncurses
printf "\033[1A\033[2K\r\033[1;32mBinary generated\033[0m\n"
make: Leaving directory '/home/flohrel/code/rush-wordle'
 
